<?xml version="1.0" encoding="UTF-8"?>
<!-- Generated by org.testng.reporters.JUnitReportReporter -->
<testsuite hostname="DESKTOP-R6MOV7Q" failures="0" tests="3" name="runners.TestRunner" time="6.779" errors="3" timestamp="2025-05-30T17:47:38 IST" skipped="0">
  <testcase classname="runners.TestRunner" name="runScenario" time="1.918">
    <error message="Cannot invoke &quot;pages.LoginPage.clickLoginBtn()&quot; because &quot;this.login&quot; is null" type="java.lang.NullPointerException">
      <![CDATA[java.lang.NullPointerException: Cannot invoke "pages.LoginPage.clickLoginBtn()" because "this.login" is null
at stepDefinitions.LoginSteps.click_on_login_button(LoginSteps.java:37)
at ✽.Click on Login Button(file:///C:/Users/pc/eclipse-workspace/SwagLabsBDD/src/test/resources/features/InventoryProductListing.feature:6)
]]>
    </error>
  </testcase> <!-- runScenario -->
  <testcase classname="runners.TestRunner" name="runScenario" time="1.960">
    <error message="Cannot invoke &quot;pages.LoginPage.clickLoginBtn()&quot; because &quot;this.login&quot; is null" type="java.lang.NullPointerException">
      <![CDATA[java.lang.NullPointerException: Cannot invoke "pages.LoginPage.clickLoginBtn()" because "this.login" is null
at stepDefinitions.LoginSteps.click_on_login_button(LoginSteps.java:37)
at ✽.Click on Login Button(file:///C:/Users/pc/eclipse-workspace/SwagLabsBDD/src/test/resources/features/InventoryProductListing.feature:6)
]]>
    </error>
  </testcase> <!-- runScenario -->
  <testcase classname="runners.TestRunner" name="runScenario" time="2.901">
    <error message="Cannot invoke &quot;pages.LoginPage.clickLoginBtn()&quot; because &quot;this.login&quot; is null" type="java.lang.NullPointerException">
      <![CDATA[java.lang.NullPointerException: Cannot invoke "pages.LoginPage.clickLoginBtn()" because "this.login" is null
at stepDefinitions.LoginSteps.click_on_login_button(LoginSteps.java:37)
at ✽.Click on Login Button(file:///C:/Users/pc/eclipse-workspace/SwagLabsBDD/src/test/resources/features/InventoryProductListing.feature:6)
]]>
    </error>
  </testcase> <!-- runScenario -->
</testsuite> <!-- runners.TestRunner -->
