<?xml version="1.0" encoding="UTF-8"?>
<!-- Generated by org.testng.reporters.JUnitReportReporter -->
<testsuite hostname="DESKTOP-R6MOV7Q" failures="0" tests="7" name="runners.TestRunner" time="15.181" errors="0" timestamp="2025-06-02T15:24:44 IST" skipped="0">
  <testcase classname="runners.TestRunner" name="runScenario" time="1.764"/>
  <testcase classname="runners.TestRunner" name="runScenario" time="1.946"/>
  <testcase classname="runners.TestRunner" name="runScenario" time="1.957"/>
  <testcase classname="runners.TestRunner" name="runScenario" time="2.540"/>
  <testcase classname="runners.TestRunner" name="runScenario" time="1.763"/>
  <testcase classname="runners.TestRunner" name="runScenario" time="3.262"/>
  <testcase classname="runners.TestRunner" name="runScenario" time="1.949"/>
</testsuite> <!-- runners.TestRunner -->
